<?xml version="1.0" encoding="UTF-8"?>
<testsuites name="Amazon_Login_TestListener" time="18.589" tests="1" failures="0" errors="0">
   <testsuite name="Amazon_Login_TestListener" tests="1" failures="0" errors="0" time="18.589" skipped="0" timestamp="07-02-2024T15:35:16" hostname="rachi - BEATRIX-HP" id="Test Suites/Amazon_Login_TestListener">
      <properties>
         <property name="deviceName" value=""/>
         <property name="devicePlatform" value=""/>
         <property name="logFolder" value="C:\\Users\\rachi\\git\\Amazon-Testing\\Reports\\20240207_153502\\Amazon_Login_TestListener\\20240207_153502"/>
         <property name="logFiles" value="C:\\Users\\rachi\\git\\Amazon-Testing\\Reports\\20240207_153502\\Amazon_Login_TestListener\\20240207_153502\\execution0.log"/>
         <property name="attachments" value=""/>
         <property name="hostName" value="rachi - BEATRIX-HP"/>
         <property name="os" value="Windows 11 64bit"/>
         <property name="katalonVersion" value="9.2.0.212"/>
         <property name="browser" value="Chrome 121.0.0.0"/>
         <property name="hostAddress" value="192.168.40.1"/>
         <property name="sessionId" value="79dd218c1d4742c3804619076a3f0084"/>
         <property name="seleniumVersion" value="3.141.59"/>
         <property name="proxyInformation" value="ProxyInformation { proxyOption=NO_PROXY, proxyServerType=HTTP, username=, password=********, proxyServerAddress=, proxyServerPort=0, executionList=&quot;&quot;, isApplyToDesiredCapabilities=true }"/>
         <property name="platform" value="Windows 11"/>
      </properties>
      <testcase name="Test Cases/Amazon/TC_Amazon_Login" time="17.994" classname="Test Cases/Amazon/TC_Amazon_Login" status="PASSED">
         <system-out><![CDATA[07-02-2024T15:35:16 - [TEST_CASE][PASSED] - Test Cases/Amazon/TC_Amazon_Login: Test Cases/Amazon/TC_Amazon_Login

07-02-2024T15:35:17 - [TEST_STEP][PASSED] - Start listener action : sampleBeforeTestCase: Navigate to 'https://www.amazon.in/' successfully

07-02-2024T15:35:17 - [TEST_STEP][PASSED] - openBrowser(""): Browser is opened with url: ''

07-02-2024T15:35:17 - [MESSAGE][INFO] - Starting 'Chrome' driver

07-02-2024T15:35:17 - [MESSAGE][INFO] - Action delay is set to 0 milliseconds

07-02-2024T15:35:19 - [MESSAGE][PASSED] - Browser is opened with url: ''

07-02-2024T15:35:19 - [TEST_STEP][PASSED] - navigateToUrl("https://www.amazon.in/"): Navigate to 'https://www.amazon.in/' successfully

07-02-2024T15:35:21 - [MESSAGE][PASSED] - Navigate to 'https://www.amazon.in/' successfully

07-02-2024T15:35:22 - [TEST_STEP][PASSED] - openBrowser(""): Browser is opened with url: ''

07-02-2024T15:35:22 - [MESSAGE][WARNING] - A browser is already opened. Closing browser and opening a new one

07-02-2024T15:35:22 - [MESSAGE][INFO] - Starting 'Chrome' driver

07-02-2024T15:35:22 - [MESSAGE][INFO] - Action delay is set to 0 milliseconds

07-02-2024T15:35:23 - [MESSAGE][PASSED] - Browser is opened with url: ''

07-02-2024T15:35:23 - [TEST_STEP][PASSED] - navigateToUrl("https://www.amazon.in/"): Navigate to 'https://www.amazon.in/' successfully

07-02-2024T15:35:25 - [MESSAGE][PASSED] - Navigate to 'https://www.amazon.in/' successfully

07-02-2024T15:35:25 - [TEST_STEP][PASSED] - click(findTestObject("Object Repository/Amazon_OR/Page_Online Shopping site in India Shop Onl_10c5f3/span_Sign in")): Object: 'Object Repository/Amazon_OR/Page_Online Shopping site in India Shop Onl_10c5f3/span_Sign in' is clicked on

07-02-2024T15:35:27 - [MESSAGE][PASSED] - Object: 'Object Repository/Amazon_OR/Page_Online Shopping site in India Shop Onl_10c5f3/span_Sign in' is clicked on

07-02-2024T15:35:27 - [TEST_STEP][PASSED] - setText(findTestObject("Object Repository/Amazon_OR/Page_Amazon Sign In/input_email"), userame): Text 'asmishri7124@gmail.com' is set on object 'Object Repository/Amazon_OR/Page_Amazon Sign In/input_email'

07-02-2024T15:35:29 - [MESSAGE][PASSED] - Text 'asmishri7124@gmail.com' is set on object 'Object Repository/Amazon_OR/Page_Amazon Sign In/input_email'

07-02-2024T15:35:29 - [TEST_STEP][PASSED] - click(findTestObject("Object Repository/Amazon_OR/Page_Amazon Sign In/inputcontinue")): Object: 'Object Repository/Amazon_OR/Page_Amazon Sign In/inputcontinue' is clicked on

07-02-2024T15:35:30 - [MESSAGE][PASSED] - Object: 'Object Repository/Amazon_OR/Page_Amazon Sign In/inputcontinue' is clicked on

07-02-2024T15:35:30 - [TEST_STEP][PASSED] - setText(findTestObject("Object Repository/Amazon_OR/Page_Amazon Sign In/input_password"), Password): Text 'Asmi@123
' is set on object 'Object Repository/Amazon_OR/Page_Amazon Sign In/input_password'

07-02-2024T15:35:33 - [MESSAGE][PASSED] - Text 'Asmi@123
' is set on object 'Object Repository/Amazon_OR/Page_Amazon Sign In/input_password'

07-02-2024T15:35:33 - [TEST_STEP][PASSED] - click(findTestObject("Amazon_Button_OR/Page_Amazon Sign In/input_Enter your password_signInSubmit")): Object: 'Object Repository/Amazon_Button_OR/Page_Amazon Sign In/input_Enter your password_signInSubmit' is clicked on

07-02-2024T15:35:34 - [MESSAGE][PASSED] - Object: 'Object Repository/Amazon_Button_OR/Page_Amazon Sign In/input_Enter your password_signInSubmit' is clicked on

07-02-2024T15:35:34 - [TEST_STEP][PASSED] - closeBrowser(): Browser is closed

07-02-2024T15:35:34 - [MESSAGE][PASSED] - Browser is closed

07-02-2024T15:35:34 - [TEST_STEP][PASSED] - Start listener action : sampleAfterTestCase: Browser is closed

07-02-2024T15:35:34 - [TEST_STEP][PASSED] - closeBrowser(): Browser is closed

07-02-2024T15:35:34 - [MESSAGE][PASSED] - Browser is closed]]></system-out>
         <system-err><![CDATA[]]></system-err>
      </testcase>
      <system-out><![CDATA[07-02-2024T15:35:16 - [TEST_SUITE][PASSED] - Amazon_Login_TestListener: Test Cases/Amazon/TC_Amazon_Login]]></system-out>
      <system-err><![CDATA[]]></system-err>
   </testsuite>
</testsuites>
